<?xml version="1.0" encoding="UTF-8"?>
<!-- Generated by org.testng.reporters.JUnitXMLReporter -->
<testsuite hostname="LAPTOP-BADPNLSG" ignored="0" name="Test" tests="6" failures="0" timestamp="18 May 2020 05:58:09 GMT" time="187.07" errors="0">
  <testcase name="f" time="4.076" classname="Excel_Login_Demo.Login_Excel"/>
  <testcase name="f" time="3.432" classname="Excel_Login_Demo.Login_Multiple"/>
  <testcase name="f" time="10.483" classname="Excel_Login_Demo.Login_Multiple"/>
  <testcase name="f" time="3.476" classname="Excel_Login_Demo.Login_Multiple"/>
  <testcase name="f" time="3.71" classname="Excel_Login_Demo.Login_Multiple"/>
  <testcase name="f" time="3.875" classname="Excel_Login_Demo.Login_Multiple"/>
</testsuite> <!-- Test -->
